<?xml version="1.0" encoding="UTF-8"?>
<!-- Generated by org.testng.reporters.JUnitReportReporter -->
<testsuite hostname="LAPTOP-0EL9TCSI" name="HamcrestExamples" tests="5" failures="0" timestamp="5 Apr 2020 18:47:14 GMT" time="5.961" errors="0">
  <testcase name="TestCase3WithHamcrest" time="0.686" classname="HamcrestExamples"/>
  <testcase name="TestCase4WithHamcrest" time="1.248" classname="HamcrestExamples"/>
  <testcase name="TestCase1WithHamcrest" time="3.087" classname="HamcrestExamples"/>
  <testcase name="TestCase5WithHamcrest" time="0.218" classname="HamcrestExamples"/>
  <testcase name="TestCase2WithHamcrest" time="0.722" classname="HamcrestExamples"/>
</testsuite> <!-- HamcrestExamples -->
