<?xml version="1.0" encoding="UTF-8"?>
<!-- Generated by org.testng.reporters.JUnitReportReporter -->
<testsuite hostname="LAPTOP-0EL9TCSI" name="WeatherAPITesting" tests="2" failures="0" timestamp="22 Apr 2020 19:32:53 GMT" time="10.933" errors="0">
  <testcase name="testTimeZone" time="7.782" classname="WeatherAPITesting"/>
  <testcase name="TestCase1" time="3.151" classname="WeatherAPITesting"/>
</testsuite> <!-- WeatherAPITesting -->
