<?xml version="1.0" encoding="UTF-8"?>
<!-- Generated by org.testng.reporters.JUnitReportReporter -->
<testsuite hostname="LAPTOP-0EL9TCSI" name="FirstTest" tests="5" failures="0" timestamp="5 Apr 2020 20:40:12 GMT" time="3.904" errors="0">
  <testcase name="TestCase1" time="2.149" classname="FirstTest"/>
  <testcase name="TestCase4" time="0.282" classname="FirstTest"/>
  <testcase name="TestCase5" time="0.173" classname="FirstTest"/>
  <testcase name="TestCase2" time="0.653" classname="FirstTest"/>
  <testcase name="TestCase3" time="0.647" classname="FirstTest"/>
</testsuite> <!-- FirstTest -->
